<?xml version="1.0" encoding="UTF-8"?>
<!-- Generated by org.testng.reporters.JUnitXMLReporter -->
<testsuite hostname="AT-X1" ignored="0" name="Chrome Test" tests="1" failures="0" timestamp="12 Mar 2018 10:49:39 GMT" time="0.012" errors="0">
  <testcase name="@BeforeTest launchingApp" time="0.0" classname="pavan.parlleltesting">
    <failure type="org.testng.TestNGException" message="
Parameter &amp;apos;browse&amp;apos; is required by BeforeTest on method launchingApp but has not been marked @Optional or defined
in C:\Users\arte262_pavan\Downloads\New folder\pavan workspace\pavan\parlleltesting.xml">
      <![CDATA[org.testng.TestNGException: Parameter 'browse' is required by BeforeTest on method launchingApp but has not been marked @Optional or definedin C:\Users\arte262_pavan\Downloads\New folder\pavan workspace\pavan\parlleltesting.xml... Removed 21 stack frames]]>
    </failure>
  </testcase> <!-- @BeforeTest launchingApp -->
  <testcase name="login_TestCase" time="0.0" classname="pavan.parlleltesting">
    <skipped/>
  </testcase> <!-- login_TestCase -->
</testsuite> <!-- Chrome Test -->
